TN:
SF:index.js
FN:18,getNameOfStock
FN:28,addWashLoss
FN:37,calculateGainAndLoss
FN:56,calculateWashLoss
FN:80,printStocksData
FN:90,main
FNF:6
FNH:5
FNDA:10,getNameOfStock
FNDA:2,addWashLoss
FNDA:8,calculateGainAndLoss
FNDA:5,calculateWashLoss
FNDA:0,printStocksData
FNDA:1,main
DA:1,1
DA:2,1
DA:3,1
DA:5,1
DA:8,1
DA:19,10
DA:20,10
DA:21,1
DA:23,10
DA:29,2
DA:30,2
DA:31,2
DA:38,8
DA:39,8
DA:40,8
DA:41,8
DA:42,2
DA:44,6
DA:47,8
DA:48,2
DA:50,6
DA:57,5
DA:59,5
DA:63,5
DA:68,5
DA:69,2
DA:81,0
DA:82,0
DA:83,0
DA:84,0
DA:86,0
DA:92,1
DA:93,1
DA:94,8
DA:95,8
DA:96,8
DA:97,5
DA:101,1
DA:104,1
LF:39
LH:34
BRDA:20,0,0,1
BRDA:20,0,1,9
BRDA:30,1,0,2
BRDA:30,1,1,0
BRDA:30,2,0,2
BRDA:30,2,1,1
BRDA:41,3,0,2
BRDA:41,3,1,6
BRDA:47,4,0,2
BRDA:47,4,1,6
BRDA:59,5,0,1
BRDA:59,5,1,4
BRDA:59,6,0,5
BRDA:59,6,1,5
BRDA:63,7,0,1
BRDA:63,7,1,4
BRDA:63,8,0,5
BRDA:63,8,1,4
BRDA:68,9,0,2
BRDA:68,9,1,3
BRDA:68,10,0,5
BRDA:68,10,1,4
BRDA:96,11,0,5
BRDA:96,11,1,3
BRDA:96,12,0,8
BRDA:96,12,1,7
BRF:26
BRH:25
end_of_record
TN:
SF:services/numberofdays.js
FN:3,numberOfDays
FNF:1
FNH:1
FNDA:5,numberOfDays
DA:1,1
DA:4,5
DA:6,3
DA:7,3
DA:9,3
DA:11,1
LF:6
LH:6
BRDA:4,0,0,2
BRDA:4,0,1,3
BRDA:4,1,0,5
BRDA:4,1,1,4
BRF:4
BRH:4
end_of_record
TN:
SF:services/parsecsv.js
FN:3,parseCSV
FNF:1
FNH:1
FNDA:2,parseCSV
DA:1,1
DA:4,2
DA:5,2
DA:8,1
LF:4
LH:4
BRF:0
BRH:0
end_of_record
TN:
SF:services/parsecurrency.js
FN:3,parseCurrency
FNF:1
FNH:1
FNDA:28,parseCurrency
DA:1,1
DA:4,28
DA:7,1
LF:3
LH:3
BRF:0
BRH:0
end_of_record
TN:
SF:spec/index.spec.js
FN:13,(anonymous_0)
FN:14,(anonymous_1)
FNF:2
FNH:2
FNDA:1,(anonymous_0)
FNDA:1,(anonymous_1)
DA:1,1
DA:3,1
DA:13,1
DA:14,1
DA:15,1
DA:16,1
LF:6
LH:6
BRF:0
BRH:0
end_of_record
TN:
SF:spec/specs.js
FNF:0
FNH:0
DA:1,1
DA:2,1
DA:3,1
DA:5,1
DA:13,1
DA:14,1
DA:15,1
DA:16,1
LF:8
LH:8
BRF:0
BRH:0
end_of_record
TN:
SF:spec/unit/numberofdays.spec.js
FN:3,(anonymous_0)
FN:4,(anonymous_1)
FN:11,(anonymous_2)
FNF:3
FNH:3
FNDA:1,(anonymous_0)
FNDA:1,(anonymous_1)
FNDA:1,(anonymous_2)
DA:1,1
DA:3,1
DA:4,1
DA:5,1
DA:6,1
DA:7,1
DA:8,1
DA:11,1
DA:12,1
DA:13,1
DA:14,1
DA:15,1
LF:12
LH:12
BRF:0
BRH:0
end_of_record
TN:
SF:spec/unit/parsecsv.spec.js
FN:28,(anonymous_0)
FN:29,(anonymous_1)
FNF:2
FNH:2
FNDA:1,(anonymous_0)
FNDA:1,(anonymous_1)
DA:1,1
DA:3,1
DA:28,1
DA:29,1
DA:30,1
DA:31,1
LF:6
LH:6
BRF:0
BRH:0
end_of_record
TN:
SF:spec/unit/parsecurrency.spec.js
FN:3,(anonymous_0)
FN:4,(anonymous_1)
FN:10,(anonymous_2)
FN:16,(anonymous_3)
FNF:4
FNH:4
FNDA:1,(anonymous_0)
FNDA:1,(anonymous_1)
FNDA:1,(anonymous_2)
FNDA:1,(anonymous_3)
DA:1,1
DA:3,1
DA:4,1
DA:5,1
DA:6,1
DA:7,1
DA:10,1
DA:11,1
DA:12,1
DA:13,1
DA:16,1
DA:17,1
DA:18,1
DA:19,1
LF:14
LH:14
BRF:0
BRH:0
end_of_record
