TN:
SF:index.js
FN:14,getNameOfStock
FN:22,addWashLoss
FN:29,calculateGainAndLoss
FN:46,calculateWashLoss
FN:68,printStocksData
FN:78,main
FNF:6
FNH:5
FNDA:10,getNameOfStock
FNDA:2,addWashLoss
FNDA:8,calculateGainAndLoss
FNDA:5,calculateWashLoss
FNDA:0,printStocksData
FNDA:1,main
DA:1,1
DA:2,1
DA:3,1
DA:5,1
DA:6,1
DA:15,10
DA:16,10
DA:17,1
DA:19,10
DA:23,2
DA:24,2
DA:25,2
DA:30,8
DA:31,8
DA:32,8
DA:33,8
DA:34,0
DA:36,8
DA:39,8
DA:40,2
DA:42,6
DA:47,5
DA:49,5
DA:53,5
DA:58,5
DA:59,2
DA:69,0
DA:70,0
DA:71,0
DA:72,0
DA:74,0
DA:79,1
DA:80,1
DA:81,8
DA:82,8
DA:83,8
DA:84,5
DA:88,1
DA:91,1
LF:39
LH:33
BRDA:16,0,0,1
BRDA:16,0,1,9
BRDA:24,1,0,2
BRDA:24,1,1,0
BRDA:24,2,0,2
BRDA:24,2,1,1
BRDA:33,3,0,0
BRDA:33,3,1,8
BRDA:39,4,0,2
BRDA:39,4,1,6
BRDA:49,5,0,1
BRDA:49,5,1,4
BRDA:49,6,0,5
BRDA:49,6,1,5
BRDA:53,7,0,1
BRDA:53,7,1,4
BRDA:53,8,0,5
BRDA:53,8,1,4
BRDA:58,9,0,2
BRDA:58,9,1,3
BRDA:58,10,0,5
BRDA:58,10,1,4
BRDA:83,11,0,5
BRDA:83,11,1,3
BRDA:83,12,0,8
BRDA:83,12,1,7
BRF:26
BRH:24
end_of_record
TN:
SF:services/numberofdays.js
FN:3,numberOfDays
FNF:1
FNH:1
FNDA:5,numberOfDays
DA:1,1
DA:4,5
DA:6,3
DA:7,3
DA:9,3
DA:11,1
LF:6
LH:6
BRDA:4,0,0,2
BRDA:4,0,1,3
BRDA:4,1,0,5
BRDA:4,1,1,4
BRF:4
BRH:4
end_of_record
TN:
SF:services/parsecsv.js
FN:3,parseCSV
FNF:1
FNH:1
FNDA:2,parseCSV
DA:1,1
DA:4,2
DA:5,2
DA:8,1
LF:4
LH:4
BRF:0
BRH:0
end_of_record
TN:
SF:services/parsecurrency.js
FN:3,parseCurrency
FNF:1
FNH:1
FNDA:28,parseCurrency
DA:1,1
DA:4,28
DA:7,1
LF:3
LH:3
BRF:0
BRH:0
end_of_record
TN:
SF:spec/index.spec.js
FN:13,(anonymous_0)
FN:14,(anonymous_1)
FNF:2
FNH:2
FNDA:1,(anonymous_0)
FNDA:1,(anonymous_1)
DA:1,1
DA:3,1
DA:13,1
DA:14,1
DA:15,1
DA:16,1
LF:6
LH:6
BRF:0
BRH:0
end_of_record
TN:
SF:spec/specs.js
FNF:0
FNH:0
DA:1,1
DA:2,1
DA:3,1
DA:5,1
DA:13,1
DA:14,1
DA:15,1
DA:16,1
LF:8
LH:8
BRF:0
BRH:0
end_of_record
TN:
SF:spec/unit/numberofdays.spec.js
FN:3,(anonymous_0)
FN:4,(anonymous_1)
FN:11,(anonymous_2)
FNF:3
FNH:3
FNDA:1,(anonymous_0)
FNDA:1,(anonymous_1)
FNDA:1,(anonymous_2)
DA:1,1
DA:3,1
DA:4,1
DA:5,1
DA:6,1
DA:7,1
DA:8,1
DA:11,1
DA:12,1
DA:13,1
DA:14,1
DA:15,1
LF:12
LH:12
BRF:0
BRH:0
end_of_record
TN:
SF:spec/unit/parsecsv.spec.js
FN:28,(anonymous_0)
FN:29,(anonymous_1)
FNF:2
FNH:2
FNDA:1,(anonymous_0)
FNDA:1,(anonymous_1)
DA:1,1
DA:3,1
DA:28,1
DA:29,1
DA:30,1
DA:31,1
LF:6
LH:6
BRF:0
BRH:0
end_of_record
TN:
SF:spec/unit/parsecurrency.spec.js
FN:3,(anonymous_0)
FN:4,(anonymous_1)
FN:10,(anonymous_2)
FN:16,(anonymous_3)
FNF:4
FNH:4
FNDA:1,(anonymous_0)
FNDA:1,(anonymous_1)
FNDA:1,(anonymous_2)
FNDA:1,(anonymous_3)
DA:1,1
DA:3,1
DA:4,1
DA:5,1
DA:6,1
DA:7,1
DA:10,1
DA:11,1
DA:12,1
DA:13,1
DA:16,1
DA:17,1
DA:18,1
DA:19,1
LF:14
LH:14
BRF:0
BRH:0
end_of_record
